TN:
SF:src\modules\appointments\services\CreateAppointmentService.ts
FN:42,Object.<anonymous>
FN:42,Object.<anonymous>.__decorate
FN:42,Object.<anonymous>.__metadata
FN:42,Object.<anonymous>.__param
FN:42,Object.<anonymous>.__awaiter
FN:42,adopt
FN:42,fulfilled
FN:42,rejected
FN:42,step
FN:42,Object.<anonymous>.__generator
FN:42,sent
FN:42,g.<computed>
FN:42,verb
FN:42,step
FN:42,Object.<anonymous>.__importDefault
FN:17,CreateAppointmentService
FN:22,Object.<anonymous>.CreateAppointmentService.execute
FNF:17
FNH:15
FNDA:1,Object.<anonymous>
FNDA:1,Object.<anonymous>.__decorate
FNDA:1,Object.<anonymous>.__metadata
FNDA:1,Object.<anonymous>.__param
FNDA:3,Object.<anonymous>.__awaiter
FNDA:5,adopt
FNDA:5,fulfilled
FNDA:0,rejected
FNDA:7,step
FNDA:3,Object.<anonymous>.__generator
FNDA:5,sent
FNDA:0,g.<computed>
FNDA:9,verb
FNDA:8,step
FNDA:1,Object.<anonymous>.__importDefault
FNDA:2,CreateAppointmentService
FNDA:3,Object.<anonymous>.CreateAppointmentService.execute
DA:1,1
DA:2,1
DA:3,1
DA:4,1
DA:5,1
DA:6,1
DA:7,1
DA:8,1
DA:9,1
DA:10,1
DA:11,1
DA:12,1
DA:13,1
DA:14,1
DA:15,1
DA:16,1
DA:17,1
DA:18,2
DA:19,2
DA:20,2
DA:21,1
DA:22,1
DA:23,3
DA:24,3
DA:25,3
DA:26,3
DA:27,3
DA:28,3
DA:29,3
DA:30,1
DA:31,1
DA:32,2
DA:33,2
DA:34,2
DA:35,2
DA:36,2
DA:37,3
DA:38,3
DA:39,3
DA:40,1
DA:41,1
DA:42,1
LF:42
LH:42
BRDA:42,0,0,1
BRDA:42,1,0,1
BRDA:42,2,0,1
BRDA:42,3,0,0
BRDA:42,4,0,0
BRDA:42,5,0,0
BRDA:42,6,0,0
BRDA:42,7,0,1
BRDA:42,8,0,1
BRDA:42,9,0,1
BRDA:42,10,0,3
BRDA:42,11,0,5
BRDA:42,12,0,0
BRDA:42,13,0,3
BRDA:42,14,0,5
BRDA:42,15,0,4
BRDA:42,16,0,1
BRDA:42,17,0,7
BRDA:42,18,0,2
BRDA:42,19,0,5
BRDA:42,20,0,3
BRDA:42,21,0,5
BRDA:42,22,0,0
BRDA:42,23,0,9
BRDA:42,24,0,8
BRDA:42,25,0,8
BRDA:42,26,0,0
BRDA:42,27,0,16
BRDA:42,28,0,0
BRDA:42,29,0,0
BRDA:42,30,0,0
BRDA:42,31,0,0
BRDA:42,32,0,8
BRDA:42,33,0,8
BRDA:42,34,0,5
BRDA:42,35,0,0
BRDA:42,36,0,0
BRDA:42,37,0,3
BRDA:42,38,0,0
BRDA:42,39,0,2
BRDA:42,40,0,0
BRDA:42,41,0,0
BRDA:42,42,0,0
BRDA:42,43,0,0
BRDA:42,44,0,8
BRDA:42,45,0,7
BRDA:42,46,0,1
BRDA:42,47,0,8
BRDA:42,48,0,3
BRDA:42,49,0,1
BRDA:42,50,0,2
BRDA:42,51,0,0
BRDA:42,52,0,1
BRDA:42,53,0,0
BRDA:16,54,0,1
BRDA:17,55,0,2
BRDA:22,56,0,3
BRDA:42,57,0,3
BRDA:42,58,0,8
BRDA:42,59,0,3
BRDA:42,60,0,3
BRDA:29,61,0,1
BRDA:31,62,0,2
BRDA:42,63,0,2
BRF:64
BRH:44
end_of_record
TN:
SF:src\modules\users\services\AuthenticateUserService.ts
FN:58,Object.<anonymous>
FN:58,Object.<anonymous>.__decorate
FN:58,Object.<anonymous>.__metadata
FN:58,Object.<anonymous>.__param
FN:58,Object.<anonymous>.__awaiter
FN:58,adopt
FN:58,fulfilled
FN:58,rejected
FN:58,step
FN:58,Object.<anonymous>.__generator
FN:58,sent
FN:58,g.<computed>
FN:58,verb
FN:58,step
FN:58,Object.<anonymous>.__importDefault
FN:23,AuthenticateUserService
FN:31,Object.<anonymous>.AuthenticateUserService.execute
FNF:17
FNH:15
FNDA:1,Object.<anonymous>
FNDA:1,Object.<anonymous>.__decorate
FNDA:1,Object.<anonymous>.__metadata
FNDA:2,Object.<anonymous>.__param
FNDA:3,Object.<anonymous>.__awaiter
FNDA:5,adopt
FNDA:5,fulfilled
FNDA:0,rejected
FNDA:6,step
FNDA:3,Object.<anonymous>.__generator
FNDA:5,sent
FNDA:0,g.<computed>
FNDA:9,verb
FNDA:8,step
FNDA:2,Object.<anonymous>.__importDefault
FNDA:3,AuthenticateUserService
FNDA:3,Object.<anonymous>.AuthenticateUserService.execute
DA:1,1
DA:2,1
DA:3,1
DA:4,1
DA:5,1
DA:6,1
DA:7,1
DA:8,1
DA:9,1
DA:10,1
DA:11,1
DA:12,1
DA:13,1
DA:14,1
DA:15,1
DA:16,1
DA:17,1
DA:18,1
DA:19,1
DA:20,1
DA:21,1
DA:22,1
DA:23,1
DA:24,3
DA:25,3
DA:26,3
DA:27,3
DA:28,3
DA:29,3
DA:30,1
DA:31,1
DA:32,3
DA:33,3
DA:34,3
DA:35,1
DA:36,1
DA:37,2
DA:38,2
DA:39,2
DA:40,2
DA:41,2
DA:42,3
DA:43,3
DA:44,1
DA:45,1
DA:46,1
DA:47,1
DA:48,1
DA:49,1
DA:50,1
DA:51,1
DA:52,1
DA:53,1
DA:54,1
DA:55,3
DA:56,1
DA:57,1
DA:58,1
LF:58
LH:58
BRDA:58,0,0,1
BRDA:58,1,0,1
BRDA:58,2,0,1
BRDA:58,3,0,0
BRDA:58,4,0,0
BRDA:58,5,0,0
BRDA:58,6,0,0
BRDA:58,7,0,1
BRDA:58,8,0,2
BRDA:58,9,0,2
BRDA:58,10,0,3
BRDA:58,11,0,5
BRDA:58,12,0,0
BRDA:58,13,0,3
BRDA:58,14,0,5
BRDA:58,15,0,3
BRDA:58,16,0,2
BRDA:58,17,0,6
BRDA:58,18,0,1
BRDA:58,19,0,5
BRDA:58,20,0,3
BRDA:58,21,0,5
BRDA:58,22,0,0
BRDA:58,23,0,9
BRDA:58,24,0,8
BRDA:58,25,0,8
BRDA:58,26,0,0
BRDA:58,27,0,16
BRDA:58,28,0,0
BRDA:58,29,0,0
BRDA:58,30,0,0
BRDA:58,31,0,0
BRDA:58,32,0,8
BRDA:58,33,0,8
BRDA:58,34,0,5
BRDA:58,35,0,0
BRDA:58,36,0,0
BRDA:58,37,0,3
BRDA:58,38,0,0
BRDA:58,39,0,1
BRDA:58,40,0,0
BRDA:58,41,0,0
BRDA:58,42,0,0
BRDA:58,43,0,0
BRDA:58,44,0,8
BRDA:58,45,0,6
BRDA:58,46,0,2
BRDA:58,47,0,8
BRDA:58,48,0,3
BRDA:58,49,0,2
BRDA:58,50,0,1
BRDA:58,51,0,0
BRDA:58,52,0,2
BRDA:58,53,0,0
BRDA:22,54,0,1
BRDA:23,55,0,3
BRDA:31,56,0,3
BRDA:58,57,0,3
BRDA:58,58,0,8
BRDA:32,59,0,3
BRDA:58,60,0,3
BRDA:34,61,0,1
BRDA:36,62,0,2
BRDA:58,63,0,2
BRDA:43,64,0,1
BRF:65
BRH:45
end_of_record
TN:
SF:src\modules\users\services\CreateUserService.ts
FN:44,Object.<anonymous>
FN:44,Object.<anonymous>.__decorate
FN:44,Object.<anonymous>.__metadata
FN:44,Object.<anonymous>.__param
FN:44,Object.<anonymous>.__awaiter
FN:44,adopt
FN:44,fulfilled
FN:44,rejected
FN:44,step
FN:44,Object.<anonymous>.__generator
FN:44,sent
FN:44,g.<computed>
FN:44,verb
FN:44,step
FN:44,Object.<anonymous>.__importDefault
FN:17,CreateUserService
FN:25,Object.<anonymous>.CreateUserService.execute
FNF:17
FNH:15
FNDA:2,Object.<anonymous>
FNDA:2,Object.<anonymous>.__decorate
FNDA:2,Object.<anonymous>.__metadata
FNDA:4,Object.<anonymous>.__param
FNDA:5,Object.<anonymous>.__awaiter
FNDA:13,adopt
FNDA:13,fulfilled
FNDA:0,rejected
FNDA:17,step
FNDA:5,Object.<anonymous>.__generator
FNDA:13,sent
FNDA:0,g.<computed>
FNDA:15,verb
FNDA:18,step
FNDA:2,Object.<anonymous>.__importDefault
FNDA:4,CreateUserService
FNDA:5,Object.<anonymous>.CreateUserService.execute
DA:1,1
DA:2,1
DA:3,1
DA:4,1
DA:5,1
DA:6,1
DA:7,1
DA:8,1
DA:9,1
DA:10,1
DA:11,1
DA:12,1
DA:13,1
DA:14,1
DA:15,1
DA:16,2
DA:17,2
DA:18,4
DA:19,4
DA:20,4
DA:21,4
DA:22,4
DA:23,4
DA:24,2
DA:25,2
DA:26,5
DA:27,5
DA:28,5
DA:29,1
DA:30,1
DA:31,4
DA:32,4
DA:33,5
DA:34,5
DA:35,5
DA:36,5
DA:37,5
DA:38,5
DA:39,5
DA:40,5
DA:41,5
DA:42,2
DA:43,1
DA:44,1
LF:44
LH:44
BRDA:44,0,0,2
BRDA:44,1,0,2
BRDA:44,2,0,2
BRDA:44,3,0,0
BRDA:44,4,0,0
BRDA:44,5,0,0
BRDA:44,6,0,0
BRDA:44,7,0,2
BRDA:44,8,0,4
BRDA:44,9,0,4
BRDA:44,10,0,5
BRDA:44,11,0,13
BRDA:44,12,0,0
BRDA:44,13,0,5
BRDA:44,14,0,13
BRDA:44,15,0,12
BRDA:44,16,0,1
BRDA:44,17,0,17
BRDA:44,18,0,4
BRDA:44,19,0,13
BRDA:44,20,0,5
BRDA:44,21,0,13
BRDA:44,22,0,0
BRDA:44,23,0,15
BRDA:44,24,0,18
BRDA:44,25,0,18
BRDA:44,26,0,0
BRDA:44,27,0,36
BRDA:44,28,0,0
BRDA:44,29,0,0
BRDA:44,30,0,0
BRDA:44,31,0,0
BRDA:44,32,0,18
BRDA:44,33,0,18
BRDA:44,34,0,13
BRDA:44,35,0,0
BRDA:44,36,0,0
BRDA:44,37,0,5
BRDA:44,38,0,0
BRDA:44,39,0,4
BRDA:44,40,0,0
BRDA:44,41,0,0
BRDA:44,42,0,0
BRDA:44,43,0,0
BRDA:44,44,0,28
BRDA:44,45,0,18
BRDA:44,46,0,17
BRDA:44,47,0,1
BRDA:44,48,0,18
BRDA:44,49,0,5
BRDA:44,50,0,1
BRDA:44,51,0,4
BRDA:44,52,0,0
BRDA:44,53,0,2
BRDA:44,54,0,0
BRDA:16,55,0,2
BRDA:17,56,0,4
BRDA:25,57,0,5
BRDA:44,58,0,5
BRDA:44,59,0,18
BRDA:26,60,0,5
BRDA:44,61,0,5
BRDA:28,62,0,1
BRDA:30,63,0,4
BRDA:44,64,0,4
BRDA:44,65,0,4
BRF:66
BRH:46
end_of_record
TN:
SF:src\modules\users\services\ResetPasswordService.ts
FN:50,Object.<anonymous>
FN:50,Object.<anonymous>.__decorate
FN:50,Object.<anonymous>.__metadata
FN:50,Object.<anonymous>.__param
FN:50,Object.<anonymous>.__awaiter
FN:50,adopt
FN:50,fulfilled
FN:50,rejected
FN:50,step
FN:50,Object.<anonymous>.__generator
FN:50,sent
FN:50,g.<computed>
FN:50,verb
FN:50,step
FN:50,Object.<anonymous>.__importDefault
FN:16,ResetPasswordService
FN:27,Object.<anonymous>.ResetPasswordService.execute
FNF:17
FNH:15
FNDA:1,Object.<anonymous>
FNDA:1,Object.<anonymous>.__decorate
FNDA:1,Object.<anonymous>.__metadata
FNDA:3,Object.<anonymous>.__param
FNDA:4,Object.<anonymous>.__awaiter
FNDA:9,adopt
FNDA:9,fulfilled
FNDA:0,rejected
FNDA:10,step
FNDA:4,Object.<anonymous>.__generator
FNDA:9,sent
FNDA:0,g.<computed>
FNDA:12,verb
FNDA:13,step
FNDA:1,Object.<anonymous>.__importDefault
FNDA:4,ResetPasswordService
FNDA:4,Object.<anonymous>.ResetPasswordService.execute
DA:1,1
DA:2,1
DA:3,1
DA:4,1
DA:5,1
DA:6,1
DA:7,1
DA:8,1
DA:9,1
DA:10,1
DA:11,1
DA:12,1
DA:13,1
DA:14,1
DA:15,1
DA:16,1
DA:17,4
DA:18,4
DA:19,4
DA:20,4
DA:21,4
DA:22,4
DA:23,4
DA:24,4
DA:25,4
DA:26,1
DA:27,1
DA:28,4
DA:29,4
DA:30,4
DA:31,1
DA:32,1
DA:33,3
DA:34,4
DA:35,4
DA:36,1
DA:37,1
DA:38,2
DA:39,2
DA:40,2
DA:41,2
DA:42,4
DA:43,1
DA:44,1
DA:45,4
DA:46,4
DA:47,4
DA:48,1
DA:49,1
DA:50,1
LF:50
LH:50
BRDA:50,0,0,1
BRDA:50,1,0,1
BRDA:50,2,0,1
BRDA:50,3,0,0
BRDA:50,4,0,0
BRDA:50,5,0,0
BRDA:50,6,0,0
BRDA:50,7,0,1
BRDA:50,8,0,3
BRDA:50,9,0,3
BRDA:50,10,0,4
BRDA:50,11,0,9
BRDA:50,12,0,0
BRDA:50,13,0,4
BRDA:50,14,0,9
BRDA:50,15,0,6
BRDA:50,16,0,3
BRDA:50,17,0,10
BRDA:50,18,0,1
BRDA:50,19,0,9
BRDA:50,20,0,4
BRDA:50,21,0,9
BRDA:50,22,0,0
BRDA:50,23,0,12
BRDA:50,24,0,13
BRDA:50,25,0,13
BRDA:50,26,0,0
BRDA:50,27,0,26
BRDA:50,28,0,0
BRDA:50,29,0,0
BRDA:50,30,0,0
BRDA:50,31,0,0
BRDA:50,32,0,13
BRDA:50,33,0,13
BRDA:50,34,0,9
BRDA:50,35,0,0
BRDA:50,36,0,0
BRDA:50,37,0,4
BRDA:50,38,0,0
BRDA:50,39,0,1
BRDA:50,40,0,0
BRDA:50,41,0,0
BRDA:50,42,0,0
BRDA:50,43,0,0
BRDA:50,44,0,13
BRDA:50,45,0,10
BRDA:50,46,0,3
BRDA:50,47,0,13
BRDA:50,48,0,4
BRDA:50,49,0,3
BRDA:50,50,0,1
BRDA:50,51,0,0
BRDA:50,52,0,1
BRDA:50,53,0,0
BRDA:15,54,0,1
BRDA:16,55,0,4
BRDA:27,56,0,4
BRDA:50,57,0,4
BRDA:50,58,0,13
BRDA:28,59,0,4
BRDA:50,60,0,4
BRDA:30,61,0,1
BRDA:32,62,0,3
BRDA:50,63,0,3
BRDA:35,64,0,1
BRDA:37,65,0,2
BRDA:42,66,0,1
BRDA:50,67,0,1
BRDA:50,68,0,1
BRF:69
BRH:49
end_of_record
TN:
SF:src\modules\users\services\SendForgotPasswordEmailService.ts
FN:41,Object.<anonymous>
FN:41,Object.<anonymous>.__decorate
FN:41,Object.<anonymous>.__metadata
FN:41,Object.<anonymous>.__param
FN:41,Object.<anonymous>.__awaiter
FN:41,adopt
FN:41,fulfilled
FN:41,rejected
FN:41,step
FN:41,Object.<anonymous>.__generator
FN:41,sent
FN:41,g.<computed>
FN:41,verb
FN:41,step
FN:41,Object.<anonymous>.__importDefault
FN:14,SendForgotPasswordEmailService
FN:25,Object.<anonymous>.SendForgotPasswordEmailService.execute
FNF:17
FNH:15
FNDA:1,Object.<anonymous>
FNDA:1,Object.<anonymous>.__decorate
FNDA:1,Object.<anonymous>.__metadata
FNDA:3,Object.<anonymous>.__param
FNDA:3,Object.<anonymous>.__awaiter
FNDA:5,adopt
FNDA:5,fulfilled
FNDA:0,rejected
FNDA:7,step
FNDA:3,Object.<anonymous>.__generator
FNDA:5,sent
FNDA:0,g.<computed>
FNDA:9,verb
FNDA:8,step
FNDA:1,Object.<anonymous>.__importDefault
FNDA:3,SendForgotPasswordEmailService
FNDA:3,Object.<anonymous>.SendForgotPasswordEmailService.execute
DA:1,1
DA:2,1
DA:3,1
DA:4,1
DA:5,1
DA:6,1
DA:7,1
DA:8,1
DA:9,1
DA:10,1
DA:11,1
DA:12,1
DA:13,1
DA:14,1
DA:15,3
DA:16,3
DA:17,3
DA:18,3
DA:19,3
DA:20,3
DA:21,3
DA:22,3
DA:23,3
DA:24,1
DA:25,1
DA:26,3
DA:27,3
DA:28,3
DA:29,1
DA:30,1
DA:31,2
DA:32,2
DA:33,3
DA:34,3
DA:35,3
DA:36,3
DA:37,3
DA:38,3
DA:39,1
DA:40,1
DA:41,1
LF:41
LH:41
BRDA:41,0,0,1
BRDA:41,1,0,1
BRDA:41,2,0,1
BRDA:41,3,0,0
BRDA:41,4,0,0
BRDA:41,5,0,0
BRDA:41,6,0,0
BRDA:41,7,0,1
BRDA:41,8,0,3
BRDA:41,9,0,3
BRDA:41,10,0,3
BRDA:41,11,0,5
BRDA:41,12,0,0
BRDA:41,13,0,3
BRDA:41,14,0,5
BRDA:41,15,0,4
BRDA:41,16,0,1
BRDA:41,17,0,7
BRDA:41,18,0,2
BRDA:41,19,0,5
BRDA:41,20,0,3
BRDA:41,21,0,5
BRDA:41,22,0,0
BRDA:41,23,0,9
BRDA:41,24,0,8
BRDA:41,25,0,8
BRDA:41,26,0,0
BRDA:41,27,0,16
BRDA:41,28,0,0
BRDA:41,29,0,0
BRDA:41,30,0,0
BRDA:41,31,0,0
BRDA:41,32,0,8
BRDA:41,33,0,8
BRDA:41,34,0,5
BRDA:41,35,0,0
BRDA:41,36,0,0
BRDA:41,37,0,3
BRDA:41,38,0,0
BRDA:41,39,0,2
BRDA:41,40,0,0
BRDA:41,41,0,0
BRDA:41,42,0,0
BRDA:41,43,0,0
BRDA:41,44,0,8
BRDA:41,45,0,7
BRDA:41,46,0,1
BRDA:41,47,0,8
BRDA:41,48,0,3
BRDA:41,49,0,1
BRDA:41,50,0,2
BRDA:41,51,0,0
BRDA:41,52,0,1
BRDA:41,53,0,0
BRDA:13,54,0,1
BRDA:14,55,0,3
BRDA:25,56,0,3
BRDA:41,57,0,3
BRDA:41,58,0,8
BRDA:26,59,0,3
BRDA:41,60,0,3
BRDA:28,61,0,1
BRDA:30,62,0,2
BRDA:41,63,0,2
BRF:64
BRH:44
end_of_record
TN:
SF:src\modules\users\services\UpadateUserAvatarService.ts
FN:45,Object.<anonymous>
FN:45,Object.<anonymous>.__decorate
FN:45,Object.<anonymous>.__metadata
FN:45,Object.<anonymous>.__param
FN:45,Object.<anonymous>.__awaiter
FN:45,adopt
FN:45,fulfilled
FN:45,rejected
FN:45,step
FN:45,Object.<anonymous>.__generator
FN:45,sent
FN:45,g.<computed>
FN:45,verb
FN:45,step
FN:45,Object.<anonymous>.__importDefault
FN:16,UpdateUserAvatarService
FN:24,Object.<anonymous>.UpdateUserAvatarService.execute
FNF:17
FNH:15
FNDA:1,Object.<anonymous>
FNDA:1,Object.<anonymous>.__decorate
FNDA:1,Object.<anonymous>.__metadata
FNDA:2,Object.<anonymous>.__param
FNDA:4,Object.<anonymous>.__awaiter
FNDA:11,adopt
FNDA:11,fulfilled
FNDA:0,rejected
FNDA:14,step
FNDA:4,Object.<anonymous>.__generator
FNDA:11,sent
FNDA:0,g.<computed>
FNDA:12,verb
FNDA:15,step
FNDA:1,Object.<anonymous>.__importDefault
FNDA:3,UpdateUserAvatarService
FNDA:4,Object.<anonymous>.UpdateUserAvatarService.execute
DA:1,1
DA:2,1
DA:3,1
DA:4,1
DA:5,1
DA:6,1
DA:7,1
DA:8,1
DA:9,1
DA:10,1
DA:11,1
DA:12,1
DA:13,1
DA:14,1
DA:15,1
DA:16,1
DA:17,3
DA:18,3
DA:19,3
DA:20,3
DA:21,3
DA:22,3
DA:23,1
DA:24,1
DA:25,4
DA:26,4
DA:27,4
DA:28,1
DA:29,1
DA:30,3
DA:31,3
DA:32,1
DA:33,4
DA:34,4
DA:35,4
DA:36,4
DA:37,4
DA:38,4
DA:39,4
DA:40,4
DA:41,4
DA:42,4
DA:43,1
DA:44,1
DA:45,1
LF:45
LH:45
BRDA:45,0,0,1
BRDA:45,1,0,1
BRDA:45,2,0,1
BRDA:45,3,0,0
BRDA:45,4,0,0
BRDA:45,5,0,0
BRDA:45,6,0,0
BRDA:45,7,0,1
BRDA:45,8,0,2
BRDA:45,9,0,2
BRDA:45,10,0,4
BRDA:45,11,0,11
BRDA:45,12,0,0
BRDA:45,13,0,4
BRDA:45,14,0,11
BRDA:45,15,0,10
BRDA:45,16,0,1
BRDA:45,17,0,14
BRDA:45,18,0,3
BRDA:45,19,0,11
BRDA:45,20,0,4
BRDA:45,21,0,11
BRDA:45,22,0,0
BRDA:45,23,0,12
BRDA:45,24,0,15
BRDA:45,25,0,15
BRDA:45,26,0,0
BRDA:45,27,0,32
BRDA:45,28,0,0
BRDA:45,29,0,0
BRDA:45,30,0,0
BRDA:45,31,0,0
BRDA:45,32,0,15
BRDA:45,33,0,15
BRDA:45,34,0,11
BRDA:45,35,0,0
BRDA:45,36,0,0
BRDA:45,37,0,6
BRDA:45,38,0,0
BRDA:45,39,0,5
BRDA:45,40,0,4
BRDA:45,41,0,2
BRDA:45,42,0,0
BRDA:45,43,0,2
BRDA:45,44,0,0
BRDA:45,45,0,0
BRDA:45,46,0,0
BRDA:45,47,0,17
BRDA:45,48,0,16
BRDA:45,49,0,1
BRDA:45,50,0,17
BRDA:45,51,0,4
BRDA:45,52,0,1
BRDA:45,53,0,3
BRDA:45,54,0,0
BRDA:45,55,0,1
BRDA:45,56,0,0
BRDA:15,57,0,1
BRDA:16,58,0,3
BRDA:24,59,0,4
BRDA:45,60,0,4
BRDA:45,61,0,17
BRDA:25,62,0,4
BRDA:45,63,0,4
BRDA:27,64,0,1
BRDA:29,65,0,3
BRDA:31,66,0,2
BRDA:31,67,0,1
BRDA:45,68,0,1
BRDA:35,69,0,3
BRDA:45,70,0,3
BRDA:45,71,0,3
BRF:72
BRH:52
end_of_record
